0 info it worked if it ends with ok
1 verbose cli [ '/usr/bin/node',
1 verbose cli   '/usr/bin/npm',
1 verbose cli   'install',
1 verbose cli   '--save',
1 verbose cli   'gulp-style' ]
2 info using npm@1.4.28
3 info using node@v0.10.32
4 verbose node symlink /usr/bin/node
5 warn package.json socialApp@ No repository field.
6 verbose readDependencies using package.json deps
7 verbose cache add [ 'gulp-style', null ]
8 verbose cache add name=undefined spec="gulp-style" args=["gulp-style",null]
9 verbose parsed url { protocol: null,
9 verbose parsed url   slashes: null,
9 verbose parsed url   auth: null,
9 verbose parsed url   host: null,
9 verbose parsed url   port: null,
9 verbose parsed url   hostname: null,
9 verbose parsed url   hash: null,
9 verbose parsed url   search: null,
9 verbose parsed url   query: null,
9 verbose parsed url   pathname: 'gulp-style',
9 verbose parsed url   path: 'gulp-style',
9 verbose parsed url   href: 'gulp-style' }
10 silly lockFile 78d7b26b-gulp-style gulp-style
11 verbose lock gulp-style /home/deltron/.npm/78d7b26b-gulp-style.lock
12 silly lockFile 78d7b26b-gulp-style gulp-style
13 silly lockFile 78d7b26b-gulp-style gulp-style
14 verbose addNamed [ 'gulp-style', '' ]
15 verbose addNamed [ null, '*' ]
16 silly lockFile 8630eabb-gulp-style gulp-style@
17 verbose lock gulp-style@ /home/deltron/.npm/8630eabb-gulp-style.lock
18 silly addNameRange { name: 'gulp-style', range: '*', hasData: false }
19 verbose request where is /gulp-style
20 verbose request registry https://registry.npmjs.org/
21 verbose request id d21f59cafea8b343
22 verbose url raw /gulp-style
23 verbose url resolving [ 'https://registry.npmjs.org/', './gulp-style' ]
24 verbose url resolved https://registry.npmjs.org/gulp-style
25 verbose request where is https://registry.npmjs.org/gulp-style
26 info trying registry request attempt 1 at 11:27:30
27 http GET https://registry.npmjs.org/gulp-style
28 http 404 https://registry.npmjs.org/gulp-style
29 verbose headers { date: 'Sun, 09 Nov 2014 19:27:30 GMT',
29 verbose headers   server: 'CouchDB/1.5.0 (Erlang OTP/R16B03)',
29 verbose headers   'content-type': 'application/json',
29 verbose headers   'cache-control': 'max-age=0',
29 verbose headers   'content-length': '52',
29 verbose headers   'accept-ranges': 'bytes',
29 verbose headers   via: '1.1 varnish',
29 verbose headers   age: '0',
29 verbose headers   'x-served-by': 'cache-sjc3135-SJC',
29 verbose headers   'x-cache': 'MISS',
29 verbose headers   'x-cache-hits': '0',
29 verbose headers   'x-timer': 'S1415561250.747230,VS0,VE41',
29 verbose headers   'keep-alive': 'timeout=10, max=50',
29 verbose headers   connection: 'Keep-Alive' }
30 silly registry.get cb [ 404,
30 silly registry.get   { date: 'Sun, 09 Nov 2014 19:27:30 GMT',
30 silly registry.get     server: 'CouchDB/1.5.0 (Erlang OTP/R16B03)',
30 silly registry.get     'content-type': 'application/json',
30 silly registry.get     'cache-control': 'max-age=0',
30 silly registry.get     'content-length': '52',
30 silly registry.get     'accept-ranges': 'bytes',
30 silly registry.get     via: '1.1 varnish',
30 silly registry.get     age: '0',
30 silly registry.get     'x-served-by': 'cache-sjc3135-SJC',
30 silly registry.get     'x-cache': 'MISS',
30 silly registry.get     'x-cache-hits': '0',
30 silly registry.get     'x-timer': 'S1415561250.747230,VS0,VE41',
30 silly registry.get     'keep-alive': 'timeout=10, max=50',
30 silly registry.get     connection: 'Keep-Alive' } ]
31 silly lockFile 8630eabb-gulp-style gulp-style@
32 silly lockFile 8630eabb-gulp-style gulp-style@
33 error 404 404 Not Found: gulp-style
33 error 404
33 error 404 'gulp-style' is not in the npm registry.
33 error 404 You should bug the author to publish it
33 error 404 It was specified as a dependency of 'socialApp'
33 error 404
33 error 404 Note that you can also install from a
33 error 404 tarball, folder, or http url, or git url.
34 error System Linux 3.11.0-18-generic
35 error command "/usr/bin/node" "/usr/bin/npm" "install" "--save" "gulp-style"
36 error cwd /home/deltron/MEAN
37 error node -v v0.10.32
38 error npm -v 1.4.28
39 error code E404
40 verbose exit [ 1, true ]
